[1 - Suricata-Main] 2026-04-16 15:04:28 Notice: suricata: This is Suricata version 8.0.4 RELEASE running in SYSTEM mode
[1 - Suricata-Main] 2026-04-16 15:04:28 Info: cpu: CPUs/cores online: 2
[1 - Suricata-Main] 2026-04-16 15:04:28 Info: suricata: Setting engine mode to IDS mode by default
[1 - Suricata-Main] 2026-04-16 15:04:28 Info: exception-policy: master exception-policy set to: auto
[1 - Suricata-Main] 2026-04-16 15:04:29 Info: conf: Running in live mode, activating unix socket
[1 - Suricata-Main] 2026-04-16 15:04:29 Info: logopenfile: fast output device (regular) initialized: fast.log
[1 - Suricata-Main] 2026-04-16 15:04:29 Info: logopenfile: eve-log output device (regular) initialized: eve.json
[1 - Suricata-Main] 2026-04-16 15:04:29 Info: logopenfile: stats output device (regular) initialized: stats.log
[1 - Suricata-Main] 2026-04-16 15:04:29 Info: detect: 1 rule files processed. 1 rules successfully loaded, 0 rules failed, 0 rules skipped
[1 - Suricata-Main] 2026-04-16 15:04:29 Info: threshold-config: Threshold config parsed: 0 rule(s) found
[1 - Suricata-Main] 2026-04-16 15:04:29 Info: detect: 1 signatures processed. 1 are IP-only rules, 0 are inspecting packet payload, 0 inspect application layer, 0 are decoder event only
[1 - Suricata-Main] 2026-04-16 15:04:29 Info: unix-manager: unix socket '/var/run/suricata/suricata-command.socket'
[1 - Suricata-Main] 2026-04-16 15:04:29 Warning: ioctl: eth0: failed to set SIOCETHTOOL ioctl: Operation not permitted
[1 - Suricata-Main] 2026-04-16 15:04:29 Warning: ioctl: eth0: failed to set SIOCETHTOOL ioctl: Operation not permitted
[1 - Suricata-Main] 2026-04-16 15:04:29 Warning: ioctl: eth0: failed to set SIOCETHTOOL ioctl: Operation not permitted
[1 - Suricata-Main] 2026-04-16 15:04:29 Info: runmodes: eth0: creating 2 threads
[17 - W#01-eth0] 2026-04-16 15:04:29 Info: ioctl: eth0: MTU 1500
[1 - Suricata-Main] 2026-04-16 15:04:29 Notice: threads: Threads created -> W: 2 FM: 1 FR: 1   Engine started.
[1 - Suricata-Main] 2026-04-16 15:14:07 Notice: suricata: Signal Received.  Stopping engine.
[1 - Suricata-Main] 2026-04-16 15:14:08 Info: suricata: time elapsed 579.335s
[1 - Suricata-Main] 2026-04-16 15:14:09 Info: counters: Alerts: 155
[1 - Suricata-Main] 2026-04-16 15:14:09 Notice: device: eth0: packets: 7115, drops: 0 (0.00%), invalid chksum: 0
[1 - Suricata-Main] 2026-04-16 15:14:09 Warning: ioctl: eth0: failed to set SIOCETHTOOL ioctl: Operation not permitted
[1 - Suricata-Main] 2026-04-16 15:14:09 Warning: ioctl: eth0: failed to set SIOCETHTOOL ioctl: Operation not permitted
[1 - Suricata-Main] 2026-04-16 15:14:09 Warning: ioctl: eth0: failed to set SIOCETHTOOL ioctl: Operation not permitted
[1 - Suricata-Main] 2026-04-16 16:10:52 Notice: suricata: This is Suricata version 8.0.4 RELEASE running in SYSTEM mode
[1 - Suricata-Main] 2026-04-16 16:10:52 Info: cpu: CPUs/cores online: 2
[1 - Suricata-Main] 2026-04-16 16:10:52 Info: suricata: Setting engine mode to IDS mode by default
[1 - Suricata-Main] 2026-04-16 16:10:52 Info: exception-policy: master exception-policy set to: auto
[1 - Suricata-Main] 2026-04-16 16:10:52 Info: conf: Running in live mode, activating unix socket
[1 - Suricata-Main] 2026-04-16 16:10:52 Info: logopenfile: fast output device (regular) initialized: fast.log
[1 - Suricata-Main] 2026-04-16 16:10:52 Info: logopenfile: eve-log output device (regular) initialized: eve.json
[1 - Suricata-Main] 2026-04-16 16:10:52 Info: logopenfile: stats output device (regular) initialized: stats.log
[1 - Suricata-Main] 2026-04-16 16:10:52 Info: detect: 1 rule files processed. 1 rules successfully loaded, 0 rules failed, 0 rules skipped
[1 - Suricata-Main] 2026-04-16 16:10:52 Info: threshold-config: Threshold config parsed: 0 rule(s) found
[1 - Suricata-Main] 2026-04-16 16:10:52 Info: detect: 1 signatures processed. 1 are IP-only rules, 0 are inspecting packet payload, 0 inspect application layer, 0 are decoder event only
[1 - Suricata-Main] 2026-04-16 16:10:52 Info: unix-manager: unix socket '/var/run/suricata/suricata-command.socket'
[1 - Suricata-Main] 2026-04-16 16:10:52 Warning: ioctl: eth0: failed to set SIOCETHTOOL ioctl: Operation not permitted
[1 - Suricata-Main] 2026-04-16 16:10:52 Warning: ioctl: eth0: failed to set SIOCETHTOOL ioctl: Operation not permitted
[1 - Suricata-Main] 2026-04-16 16:10:52 Warning: ioctl: eth0: failed to set SIOCETHTOOL ioctl: Operation not permitted
[1 - Suricata-Main] 2026-04-16 16:10:52 Info: runmodes: eth0: creating 2 threads
[17 - W#01-eth0] 2026-04-16 16:10:52 Info: ioctl: eth0: MTU 1500
[1 - Suricata-Main] 2026-04-16 16:10:53 Notice: threads: Threads created -> W: 2 FM: 1 FR: 1   Engine started.
[1 - Suricata-Main] 2026-04-16 16:14:24 Notice: suricata: Signal Received.  Stopping engine.
[1 - Suricata-Main] 2026-04-16 16:14:25 Info: suricata: time elapsed 213.141s
[1 - Suricata-Main] 2026-04-16 16:14:26 Info: counters: Alerts: 68
[1 - Suricata-Main] 2026-04-16 16:14:26 Notice: device: eth0: packets: 3144, drops: 0 (0.00%), invalid chksum: 0
[1 - Suricata-Main] 2026-04-16 16:14:26 Warning: ioctl: eth0: failed to set SIOCETHTOOL ioctl: Operation not permitted
[1 - Suricata-Main] 2026-04-16 16:14:26 Warning: ioctl: eth0: failed to set SIOCETHTOOL ioctl: Operation not permitted
[1 - Suricata-Main] 2026-04-16 16:14:26 Warning: ioctl: eth0: failed to set SIOCETHTOOL ioctl: Operation not permitted
[1 - Suricata-Main] 2026-04-16 16:16:25 Notice: suricata: This is Suricata version 8.0.4 RELEASE running in SYSTEM mode
[1 - Suricata-Main] 2026-04-16 16:16:25 Info: cpu: CPUs/cores online: 2
[1 - Suricata-Main] 2026-04-16 16:16:25 Info: suricata: Setting engine mode to IDS mode by default
[1 - Suricata-Main] 2026-04-16 16:16:25 Info: exception-policy: master exception-policy set to: auto
[1 - Suricata-Main] 2026-04-16 16:16:26 Info: conf: Running in live mode, activating unix socket
[1 - Suricata-Main] 2026-04-16 16:16:26 Info: logopenfile: fast output device (regular) initialized: fast.log
[1 - Suricata-Main] 2026-04-16 16:16:26 Info: logopenfile: eve-log output device (regular) initialized: eve.json
[1 - Suricata-Main] 2026-04-16 16:16:26 Info: logopenfile: stats output device (regular) initialized: stats.log
[1 - Suricata-Main] 2026-04-16 16:16:26 Info: detect: 1 rule files processed. 1 rules successfully loaded, 0 rules failed, 0 rules skipped
[1 - Suricata-Main] 2026-04-16 16:16:26 Info: threshold-config: Threshold config parsed: 0 rule(s) found
[1 - Suricata-Main] 2026-04-16 16:16:26 Info: detect: 1 signatures processed. 1 are IP-only rules, 0 are inspecting packet payload, 0 inspect application layer, 0 are decoder event only
[1 - Suricata-Main] 2026-04-16 16:16:26 Info: unix-manager: unix socket '/var/run/suricata/suricata-command.socket'
[1 - Suricata-Main] 2026-04-16 16:16:26 Warning: ioctl: eth0: failed to set SIOCETHTOOL ioctl: Operation not permitted
[1 - Suricata-Main] 2026-04-16 16:16:26 Warning: ioctl: eth0: failed to set SIOCETHTOOL ioctl: Operation not permitted
[1 - Suricata-Main] 2026-04-16 16:16:26 Warning: ioctl: eth0: failed to set SIOCETHTOOL ioctl: Operation not permitted
[1 - Suricata-Main] 2026-04-16 16:16:26 Info: runmodes: eth0: creating 2 threads
[17 - W#01-eth0] 2026-04-16 16:16:26 Info: ioctl: eth0: MTU 1500
[1 - Suricata-Main] 2026-04-16 16:16:26 Notice: threads: Threads created -> W: 2 FM: 1 FR: 1   Engine started.
[1 - Suricata-Main] 2026-04-16 16:59:21 Notice: suricata: Signal Received.  Stopping engine.
[1 - Suricata-Main] 2026-04-16 16:59:21 Info: suricata: time elapsed 2575.675s
[1 - Suricata-Main] 2026-04-16 16:59:22 Info: counters: Alerts: 425
[1 - Suricata-Main] 2026-04-16 16:59:23 Notice: device: eth0: packets: 32730, drops: 12 (0.04%), invalid chksum: 0
[1 - Suricata-Main] 2026-04-16 16:59:23 Warning: ioctl: eth0: failed to set SIOCETHTOOL ioctl: Operation not permitted
[1 - Suricata-Main] 2026-04-16 16:59:23 Warning: ioctl: eth0: failed to set SIOCETHTOOL ioctl: Operation not permitted
[1 - Suricata-Main] 2026-04-16 16:59:23 Warning: ioctl: eth0: failed to set SIOCETHTOOL ioctl: Operation not permitted
[1 - Suricata-Main] 2026-04-16 17:02:57 Notice: suricata: This is Suricata version 8.0.4 RELEASE running in SYSTEM mode
[1 - Suricata-Main] 2026-04-16 17:02:57 Info: cpu: CPUs/cores online: 2
[1 - Suricata-Main] 2026-04-16 17:02:57 Info: suricata: Setting engine mode to IDS mode by default
[1 - Suricata-Main] 2026-04-16 17:02:57 Info: exception-policy: master exception-policy set to: auto
[1 - Suricata-Main] 2026-04-16 17:02:57 Info: conf: Running in live mode, activating unix socket
[1 - Suricata-Main] 2026-04-16 17:02:57 Info: logopenfile: fast output device (regular) initialized: fast.log
[1 - Suricata-Main] 2026-04-16 17:02:57 Info: logopenfile: eve-log output device (regular) initialized: eve.json
[1 - Suricata-Main] 2026-04-16 17:02:57 Info: logopenfile: stats output device (regular) initialized: stats.log
[1 - Suricata-Main] 2026-04-16 17:02:57 Info: detect: 1 rule files processed. 1 rules successfully loaded, 0 rules failed, 0 rules skipped
[1 - Suricata-Main] 2026-04-16 17:02:57 Info: threshold-config: Threshold config parsed: 0 rule(s) found
[1 - Suricata-Main] 2026-04-16 17:02:57 Info: detect: 1 signatures processed. 1 are IP-only rules, 0 are inspecting packet payload, 0 inspect application layer, 0 are decoder event only
[1 - Suricata-Main] 2026-04-16 17:02:57 Info: unix-manager: unix socket '/var/run/suricata/suricata-command.socket'
[1 - Suricata-Main] 2026-04-16 17:02:57 Warning: ioctl: eth0: failed to set SIOCETHTOOL ioctl: Operation not permitted
[1 - Suricata-Main] 2026-04-16 17:02:57 Warning: ioctl: eth0: failed to set SIOCETHTOOL ioctl: Operation not permitted
[1 - Suricata-Main] 2026-04-16 17:02:57 Warning: ioctl: eth0: failed to set SIOCETHTOOL ioctl: Operation not permitted
[1 - Suricata-Main] 2026-04-16 17:02:57 Info: runmodes: eth0: creating 2 threads
[17 - W#01-eth0] 2026-04-16 17:02:58 Info: ioctl: eth0: MTU 1500
[1 - Suricata-Main] 2026-04-16 17:02:58 Notice: threads: Threads created -> W: 2 FM: 1 FR: 1   Engine started.
[1 - Suricata-Main] 2026-04-16 17:05:03 Notice: suricata: Signal Received.  Stopping engine.
[1 - Suricata-Main] 2026-04-16 17:05:04 Info: suricata: time elapsed 126.217s
[1 - Suricata-Main] 2026-04-16 17:05:05 Info: counters: Alerts: 50
[1 - Suricata-Main] 2026-04-16 17:05:05 Notice: device: eth0: packets: 2805, drops: 0 (0.00%), invalid chksum: 0
[1 - Suricata-Main] 2026-04-16 17:05:05 Warning: ioctl: eth0: failed to set SIOCETHTOOL ioctl: Operation not permitted
[1 - Suricata-Main] 2026-04-16 17:05:05 Warning: ioctl: eth0: failed to set SIOCETHTOOL ioctl: Operation not permitted
[1 - Suricata-Main] 2026-04-16 17:05:05 Warning: ioctl: eth0: failed to set SIOCETHTOOL ioctl: Operation not permitted
[1 - Suricata-Main] 2026-04-16 17:05:26 Notice: suricata: This is Suricata version 8.0.4 RELEASE running in SYSTEM mode
[1 - Suricata-Main] 2026-04-16 17:05:26 Info: cpu: CPUs/cores online: 2
[1 - Suricata-Main] 2026-04-16 17:05:26 Info: suricata: Setting engine mode to IDS mode by default
[1 - Suricata-Main] 2026-04-16 17:05:26 Info: exception-policy: master exception-policy set to: auto
[1 - Suricata-Main] 2026-04-16 17:05:26 Info: conf: Running in live mode, activating unix socket
[1 - Suricata-Main] 2026-04-16 17:05:26 Info: logopenfile: fast output device (regular) initialized: fast.log
[1 - Suricata-Main] 2026-04-16 17:05:26 Info: logopenfile: eve-log output device (regular) initialized: eve.json
[1 - Suricata-Main] 2026-04-16 17:05:26 Info: logopenfile: stats output device (regular) initialized: stats.log
[1 - Suricata-Main] 2026-04-16 17:05:26 Info: detect: 1 rule files processed. 1 rules successfully loaded, 0 rules failed, 0 rules skipped
[1 - Suricata-Main] 2026-04-16 17:05:26 Info: threshold-config: Threshold config parsed: 0 rule(s) found
[1 - Suricata-Main] 2026-04-16 17:05:26 Info: detect: 1 signatures processed. 1 are IP-only rules, 0 are inspecting packet payload, 0 inspect application layer, 0 are decoder event only
[1 - Suricata-Main] 2026-04-16 17:05:26 Info: unix-manager: unix socket '/var/run/suricata/suricata-command.socket'
[1 - Suricata-Main] 2026-04-16 17:05:26 Warning: ioctl: eth0: failed to set SIOCETHTOOL ioctl: Operation not permitted
[1 - Suricata-Main] 2026-04-16 17:05:26 Warning: ioctl: eth0: failed to set SIOCETHTOOL ioctl: Operation not permitted
[1 - Suricata-Main] 2026-04-16 17:05:26 Warning: ioctl: eth0: failed to set SIOCETHTOOL ioctl: Operation not permitted
[1 - Suricata-Main] 2026-04-16 17:05:26 Info: runmodes: eth0: creating 2 threads
[17 - W#01-eth0] 2026-04-16 17:05:26 Info: ioctl: eth0: MTU 1500
[1 - Suricata-Main] 2026-04-16 17:05:26 Notice: threads: Threads created -> W: 2 FM: 1 FR: 1   Engine started.
[1 - Suricata-Main] 2026-04-16 17:17:17 Notice: suricata: Signal Received.  Stopping engine.
[1 - Suricata-Main] 2026-04-16 17:17:18 Info: suricata: time elapsed 711.996s
[1 - Suricata-Main] 2026-04-16 17:17:19 Info: counters: Alerts: 165
[1 - Suricata-Main] 2026-04-16 17:17:19 Notice: device: eth0: packets: 10603, drops: 0 (0.00%), invalid chksum: 0
[1 - Suricata-Main] 2026-04-16 17:17:19 Warning: ioctl: eth0: failed to set SIOCETHTOOL ioctl: Operation not permitted
[1 - Suricata-Main] 2026-04-16 17:17:19 Warning: ioctl: eth0: failed to set SIOCETHTOOL ioctl: Operation not permitted
[1 - Suricata-Main] 2026-04-16 17:17:19 Warning: ioctl: eth0: failed to set SIOCETHTOOL ioctl: Operation not permitted
[1 - Suricata-Main] 2026-04-16 17:17:22 Notice: suricata: This is Suricata version 8.0.4 RELEASE running in SYSTEM mode
[1 - Suricata-Main] 2026-04-16 17:17:22 Info: cpu: CPUs/cores online: 2
[1 - Suricata-Main] 2026-04-16 17:17:22 Info: suricata: Setting engine mode to IDS mode by default
[1 - Suricata-Main] 2026-04-16 17:17:22 Info: exception-policy: master exception-policy set to: auto
[1 - Suricata-Main] 2026-04-16 17:17:22 Info: conf: Running in live mode, activating unix socket
[1 - Suricata-Main] 2026-04-16 17:17:22 Info: logopenfile: fast output device (regular) initialized: fast.log
[1 - Suricata-Main] 2026-04-16 17:17:22 Info: logopenfile: eve-log output device (regular) initialized: eve.json
[1 - Suricata-Main] 2026-04-16 17:17:22 Info: logopenfile: stats output device (regular) initialized: stats.log
[1 - Suricata-Main] 2026-04-16 17:17:22 Info: detect: 1 rule files processed. 1 rules successfully loaded, 0 rules failed, 0 rules skipped
[1 - Suricata-Main] 2026-04-16 17:17:22 Info: threshold-config: Threshold config parsed: 0 rule(s) found
[1 - Suricata-Main] 2026-04-16 17:17:22 Info: detect: 1 signatures processed. 1 are IP-only rules, 0 are inspecting packet payload, 0 inspect application layer, 0 are decoder event only
[1 - Suricata-Main] 2026-04-16 17:17:22 Info: unix-manager: unix socket '/var/run/suricata/suricata-command.socket'
[1 - Suricata-Main] 2026-04-16 17:17:22 Warning: ioctl: eth0: failed to set SIOCETHTOOL ioctl: Operation not permitted
[1 - Suricata-Main] 2026-04-16 17:17:22 Warning: ioctl: eth0: failed to set SIOCETHTOOL ioctl: Operation not permitted
[1 - Suricata-Main] 2026-04-16 17:17:22 Warning: ioctl: eth0: failed to set SIOCETHTOOL ioctl: Operation not permitted
[1 - Suricata-Main] 2026-04-16 17:17:22 Info: runmodes: eth0: creating 2 threads
[17 - W#01-eth0] 2026-04-16 17:17:22 Info: ioctl: eth0: MTU 1500
[1 - Suricata-Main] 2026-04-16 17:17:22 Notice: threads: Threads created -> W: 2 FM: 1 FR: 1   Engine started.
[1 - Suricata-Main] 2026-04-16 18:01:13 Notice: suricata: Signal Received.  Stopping engine.
[1 - Suricata-Main] 2026-04-16 18:01:14 Info: suricata: time elapsed 2631.637s
[1 - Suricata-Main] 2026-04-16 18:01:15 Info: counters: Alerts: 250
[1 - Suricata-Main] 2026-04-16 18:01:15 Notice: device: eth0: packets: 4190, drops: 0 (0.00%), invalid chksum: 0
[1 - Suricata-Main] 2026-04-16 18:01:15 Warning: ioctl: eth0: failed to set SIOCETHTOOL ioctl: Operation not permitted
[1 - Suricata-Main] 2026-04-16 18:01:15 Warning: ioctl: eth0: failed to set SIOCETHTOOL ioctl: Operation not permitted
[1 - Suricata-Main] 2026-04-16 18:01:15 Warning: ioctl: eth0: failed to set SIOCETHTOOL ioctl: Operation not permitted
